
> vite_react_shadcn_ts@0.0.0 build
> vite build

[36mvite v5.4.19 [32mbuilding for production...[36m[39m
transforming...
[32m✓[39m 3395 modules transformed.
rendering chunks...
computing gzip size...
[2mdist/[22m[32mregisterSW.js                          [39m[1m[2m    0.13 kB[22m[1m[22m
[2mdist/[22m[32mmanifest.webmanifest                   [39m[1m[2m    0.37 kB[22m[1m[22m
[2mdist/[22m[32mindex.html                             [39m[1m[2m    2.05 kB[22m[1m[22m[2m │ gzip:   0.82 kB[22m
[2mdist/[22m[32massets/coro-logo-DCd8OseH.png          [39m[1m[2m  653.66 kB[22m[1m[22m
[2mdist/[22m[32massets/pdf.worker.min-GEee69Xl.js      [39m[1m[2m1,001.93 kB[22m[1m[22m
[2mdist/[22m[32massets/diocese-brasao-BTDA8Yw4.png     [39m[1m[2m1,258.40 kB[22m[1m[22m
[2mdist/[22m[35massets/index-CtEeqCiD.css              [39m[1m[2m  100.29 kB[22m[1m[22m[2m │ gzip:  16.37 kB[22m
[2mdist/[22m[36massets/check-I_ZTYKTk.js               [39m[1m[2m    0.30 kB[22m[1m[22m[2m │ gzip:   0.25 kB[22m
[2mdist/[22m[36massets/chevron-right-BRW6dkXb.js       [39m[1m[2m    0.31 kB[22m[1m[22m[2m │ gzip:   0.25 kB[22m
[2mdist/[22m[36massets/plus-Cm_RHLxR.js                [39m[1m[2m    0.33 kB[22m[1m[22m[2m │ gzip:   0.26 kB[22m
[2mdist/[22m[36massets/x-Dk2HNlRV.js                   [39m[1m[2m    0.33 kB[22m[1m[22m[2m │ gzip:   0.26 kB[22m
[2mdist/[22m[36massets/arrow-left-MdVJ41tc.js          [39m[1m[2m    0.34 kB[22m[1m[22m[2m │ gzip:   0.27 kB[22m
[2mdist/[22m[36massets/music-2-BNb0kIPX.js             [39m[1m[2m    0.35 kB[22m[1m[22m[2m │ gzip:   0.28 kB[22m
[2mdist/[22m[36massets/music-DAJAuxeh.js               [39m[1m[2m    0.40 kB[22m[1m[22m[2m │ gzip:   0.29 kB[22m
[2mdist/[22m[36massets/pen-BMucNs07.js                 [39m[1m[2m    0.42 kB[22m[1m[22m[2m │ gzip:   0.31 kB[22m
[2mdist/[22m[36massets/circle-alert-D00kKJ-S.js        [39m[1m[2m    0.43 kB[22m[1m[22m[2m │ gzip:   0.30 kB[22m
[2mdist/[22m[36massets/upload-BjP5Z0Bt.js              [39m[1m[2m    0.44 kB[22m[1m[22m[2m │ gzip:   0.32 kB[22m
[2mdist/[22m[36massets/calendar--h9c2Cke.js            [39m[1m[2m    0.44 kB[22m[1m[22m[2m │ gzip:   0.31 kB[22m
[2mdist/[22m[36massets/log-out-vB7C4FGm.js             [39m[1m[2m    0.44 kB[22m[1m[22m[2m │ gzip:   0.32 kB[22m
[2mdist/[22m[36massets/download-M2xZ25ZM.js            [39m[1m[2m    0.44 kB[22m[1m[22m[2m │ gzip:   0.33 kB[22m
[2mdist/[22m[36massets/image-CyROOzMM.js               [39m[1m[2m    0.45 kB[22m[1m[22m[2m │ gzip:   0.33 kB[22m
[2mdist/[22m[36massets/users-Ch3bR8Tr.js               [39m[1m[2m    0.48 kB[22m[1m[22m[2m │ gzip:   0.33 kB[22m
[2mdist/[22m[36massets/file-text-iH9U7xqm.js           [39m[1m[2m    0.51 kB[22m[1m[22m[2m │ gzip:   0.32 kB[22m
[2mdist/[22m[36massets/trash-2-D8WCFxnx.js             [39m[1m[2m    0.54 kB[22m[1m[22m[2m │ gzip:   0.35 kB[22m
[2mdist/[22m[36massets/index-BlhuJ1Q6.js               [39m[1m[2m    0.54 kB[22m[1m[22m[2m │ gzip:   0.39 kB[22m
[2mdist/[22m[36massets/grip-vertical-Bz4Weeov.js       [39m[1m[2m    0.55 kB[22m[1m[22m[2m │ gzip:   0.31 kB[22m
[2mdist/[22m[36massets/textarea-20CeLAbx.js            [39m[1m[2m    0.61 kB[22m[1m[22m[2m │ gzip:   0.39 kB[22m
[2mdist/[22m[36massets/NotFound-C-Wu-kuv.js            [39m[1m[2m    0.62 kB[22m[1m[22m[2m │ gzip:   0.38 kB[22m
[2mdist/[22m[36massets/label-B5VW_D_t.js               [39m[1m[2m    0.63 kB[22m[1m[22m[2m │ gzip:   0.41 kB[22m
[2mdist/[22m[36massets/play-DSxeQL66.js                [39m[1m[2m    0.64 kB[22m[1m[22m[2m │ gzip:   0.32 kB[22m
[2mdist/[22m[36massets/input-D8oCQqHP.js               [39m[1m[2m    0.71 kB[22m[1m[22m[2m │ gzip:   0.42 kB[22m
[2mdist/[22m[36massets/index-Cx3YPLGj.js               [39m[1m[2m    0.73 kB[22m[1m[22m[2m │ gzip:   0.42 kB[22m
[2mdist/[22m[36massets/badge-D0ojVruq.js               [39m[1m[2m    0.75 kB[22m[1m[22m[2m │ gzip:   0.41 kB[22m
[2mdist/[22m[36massets/zoom-out-CxSTNMBW.js            [39m[1m[2m    0.85 kB[22m[1m[22m[2m │ gzip:   0.34 kB[22m
[2mdist/[22m[36massets/card-76Yz9SKl.js                [39m[1m[2m    1.10 kB[22m[1m[22m[2m │ gzip:   0.44 kB[22m
[2mdist/[22m[36massets/InstallPWAButton-05gM_BIr.js    [39m[1m[2m    1.29 kB[22m[1m[22m[2m │ gzip:   0.68 kB[22m
[2mdist/[22m[36massets/index-QItpVP35.js               [39m[1m[2m    1.41 kB[22m[1m[22m[2m │ gzip:   0.70 kB[22m
[2mdist/[22m[36massets/BottomNavigation-BoiBXkBY.js    [39m[1m[2m    1.89 kB[22m[1m[22m[2m │ gzip:   0.81 kB[22m
[2mdist/[22m[36massets/midiExport-DhpWwxEZ.js          [39m[1m[2m    1.90 kB[22m[1m[22m[2m │ gzip:   1.04 kB[22m
[2mdist/[22m[36massets/dialog-ZTlfbCxa.js              [39m[1m[2m    2.07 kB[22m[1m[22m[2m │ gzip:   0.83 kB[22m
[2mdist/[22m[36massets/index-D4vTW4_n.js               [39m[1m[2m    2.17 kB[22m[1m[22m[2m │ gzip:   0.96 kB[22m
[2mdist/[22m[36massets/useAudioCache-D8hjxJw9.js       [39m[1m[2m    2.37 kB[22m[1m[22m[2m │ gzip:   1.06 kB[22m
[2mdist/[22m[36massets/index-VcbqdlmA.js               [39m[1m[2m    2.62 kB[22m[1m[22m[2m │ gzip:   1.20 kB[22m
[2mdist/[22m[36massets/checkbox-BcaqcqIU.js            [39m[1m[2m    4.03 kB[22m[1m[22m[2m │ gzip:   1.77 kB[22m
[2mdist/[22m[36massets/alert-dialog-KEv6ce8A.js        [39m[1m[2m    4.84 kB[22m[1m[22m[2m │ gzip:   1.77 kB[22m
[2mdist/[22m[36massets/AudioPlayer-C96tY3bt.js         [39m[1m[2m    5.08 kB[22m[1m[22m[2m │ gzip:   1.92 kB[22m
[2mdist/[22m[36massets/index-BHilkLrS.js               [39m[1m[2m    5.39 kB[22m[1m[22m[2m │ gzip:   2.06 kB[22m
[2mdist/[22m[36massets/SongDetails-Cu0mMk-9.js         [39m[1m[2m    5.56 kB[22m[1m[22m[2m │ gzip:   2.30 kB[22m
[2mdist/[22m[36massets/EventRegistrations-CokDMu4m.js  [39m[1m[2m    6.89 kB[22m[1m[22m[2m │ gzip:   2.61 kB[22m
[2mdist/[22m[36massets/Events-GlKOmCZz.js              [39m[1m[2m    7.22 kB[22m[1m[22m[2m │ gzip:   2.68 kB[22m
[2mdist/[22m[36massets/Auth-B7RJ4_uv.js                [39m[1m[2m    7.37 kB[22m[1m[22m[2m │ gzip:   2.40 kB[22m
[2mdist/[22m[36massets/NewEvent-BHSwu_0k.js            [39m[1m[2m    7.82 kB[22m[1m[22m[2m │ gzip:   2.94 kB[22m
[2mdist/[22m[36massets/AdminSongTypes-dPMi835L.js      [39m[1m[2m    8.42 kB[22m[1m[22m[2m │ gzip:   2.89 kB[22m
[2mdist/[22m[36massets/slider-DUT813Ol.js              [39m[1m[2m    8.58 kB[22m[1m[22m[2m │ gzip:   3.48 kB[22m
[2mdist/[22m[36massets/Songs-DqdHYxS2.js               [39m[1m[2m    9.27 kB[22m[1m[22m[2m │ gzip:   3.50 kB[22m
[2mdist/[22m[36massets/pdfToImage-CYbLf0PJ.js          [39m[1m[2m    9.81 kB[22m[1m[22m[2m │ gzip:   4.01 kB[22m
[2mdist/[22m[36massets/usePlaylistPlayer-CVd71XnM.js   [39m[1m[2m   10.59 kB[22m[1m[22m[2m │ gzip:   3.12 kB[22m
[2mdist/[22m[36massets/Rehearsals-CCD897mF.js          [39m[1m[2m   11.34 kB[22m[1m[22m[2m │ gzip:   4.03 kB[22m
[2mdist/[22m[36massets/AudioToSheet-BFFsdLvD.js        [39m[1m[2m   12.23 kB[22m[1m[22m[2m │ gzip:   4.83 kB[22m
[2mdist/[22m[36massets/SongForm-CoGQG8fu.js            [39m[1m[2m   13.79 kB[22m[1m[22m[2m │ gzip:   4.95 kB[22m
[2mdist/[22m[36massets/EditEvent-N3-ojL0L.js           [39m[1m[2m   14.64 kB[22m[1m[22m[2m │ gzip:   4.15 kB[22m
[2mdist/[22m[36massets/SongTypeDetails-nhcT28QY.js     [39m[1m[2m   15.56 kB[22m[1m[22m[2m │ gzip:   5.45 kB[22m
[2mdist/[22m[36massets/Combination-m7PCqA5S.js         [39m[1m[2m   20.22 kB[22m[1m[22m[2m │ gzip:   7.27 kB[22m
[2mdist/[22m[36massets/select-DzDwYSQp.js              [39m[1m[2m   21.80 kB[22m[1m[22m[2m │ gzip:   7.67 kB[22m
[2mdist/[22m[36massets/purify.es-B6FQ9oRL.js           [39m[1m[2m   22.57 kB[22m[1m[22m[2m │ gzip:   8.74 kB[22m
[2mdist/[22m[36massets/dropdown-menu-BeZIFrT4.js       [39m[1m[2m   24.93 kB[22m[1m[22m[2m │ gzip:   7.42 kB[22m
[2mdist/[22m[36massets/createLucideIcon-Cl3i223i.js    [39m[1m[2m   26.01 kB[22m[1m[22m[2m │ gzip:   8.94 kB[22m
[2mdist/[22m[36massets/pt-BR-COO1Bk_c.js               [39m[1m[2m   26.43 kB[22m[1m[22m[2m │ gzip:   7.21 kB[22m
[2mdist/[22m[36massets/chevron-down-nMDNuj8d.js        [39m[1m[2m   27.22 kB[22m[1m[22m[2m │ gzip:  10.58 kB[22m
[2mdist/[22m[36massets/types-B9wejLtr.js               [39m[1m[2m   53.35 kB[22m[1m[22m[2m │ gzip:  12.16 kB[22m
[2mdist/[22m[36massets/EventQuickEdit-BfALsWth.js      [39m[1m[2m   87.79 kB[22m[1m[22m[2m │ gzip:  27.27 kB[22m
[2mdist/[22m[36massets/index.es-CI65pMQf.js            [39m[1m[2m  150.53 kB[22m[1m[22m[2m │ gzip:  51.46 kB[22m
[2mdist/[22m[36massets/html2canvas.esm-CBrSDip1.js     [39m[1m[2m  201.42 kB[22m[1m[22m[2m │ gzip:  48.03 kB[22m
[2mdist/[22m[36massets/jspdf.es.min-DcnDZ7GX.js        [39m[1m[2m  387.87 kB[22m[1m[22m[2m │ gzip: 127.32 kB[22m
[2mdist/[22m[36massets/index-BxmcAoJP.js               [39m[1m[2m  402.74 kB[22m[1m[22m[2m │ gzip: 117.27 kB[22m
[2mdist/[22m[36massets/pdf-CNdbj11k.js                 [39m[1m[2m  444.93 kB[22m[1m[22m[2m │ gzip: 130.34 kB[22m
[2mdist/[22m[36massets/EventDetails-DsR224bR.js        [39m[1m[33m  691.48 kB[39m[22m[2m │ gzip: 261.84 kB[22m
[33m
(!) Some chunks are larger than 500 kB after minification. Consider:
- Using dynamic import() to code-split the application
- Use build.rollupOptions.output.manualChunks to improve chunking: https://rollupjs.org/configuration-options/#output-manualchunks
- Adjust chunk size limit for this warning via build.chunkSizeWarningLimit.[39m
[32m✓ built in 30.15s[39m

PWA v1.1.0
Building public/sw.js service worker ("es" format)...
[36mvite v5.4.19 [32mbuilding for production...[36m[39m
transforming...
[32m✓[39m 82 modules transformed.
rendering chunks...
computing gzip size...
[2mdist/[22m[36msw.mjs  [39m[1m[2m25.86 kB[22m[1m[22m[2m │ gzip: 8.28 kB[22m
[32m✓ built in 2.30s[39m

PWA v1.1.0
mode      injectManifest
format:   es
precache  84 entries (6028.64 KiB)
files generated
  dist/sw.js
